<?xml version="1.0" encoding="UTF-8"?>
<testng-results ignored="0" total="1" passed="1" failed="0" skipped="0">
  <reporter-output>
  </reporter-output>
  <suite started-at="2026-04-02T12:54:17 IST" name="Default suite" finished-at="2026-04-02T12:54:22 IST" duration-ms="4820">
    <groups>
    </groups>
    <test started-at="2026-04-02T12:54:17 IST" name="Default test" finished-at="2026-04-02T12:54:22 IST" duration-ms="4820">
      <class name="tests.PurchaseTest">
        <test-method is-config="true" signature="start()[pri:0, instance:tests.PurchaseTest@3e694b3f]" started-at="2026-04-02T12:54:17 IST" name="start" finished-at="2026-04-02T12:54:21 IST" duration-ms="3189" status="PASS">
          <reporter-output>
          </reporter-output>
        </test-method> <!-- start -->
        <test-method signature="testPurchaseFlow()[pri:0, instance:tests.PurchaseTest@3e694b3f]" started-at="2026-04-02T12:54:21 IST" name="testPurchaseFlow" finished-at="2026-04-02T12:54:22 IST" duration-ms="1172" status="PASS">
          <reporter-output>
          </reporter-output>
        </test-method> <!-- testPurchaseFlow -->
        <test-method is-config="true" signature="end()[pri:0, instance:tests.PurchaseTest@3e694b3f]" started-at="2026-04-02T12:54:22 IST" name="end" finished-at="2026-04-02T12:54:22 IST" duration-ms="405" status="PASS">
          <reporter-output>
          </reporter-output>
        </test-method> <!-- end -->
      </class> <!-- tests.PurchaseTest -->
    </test> <!-- Default test -->
  </suite> <!-- Default suite -->
</testng-results>
