<?xml version="1.0" encoding="UTF-8"?>
<testng-results ignored="0" total="3" passed="3" failed="0" skipped="0">
  <reporter-output>
  </reporter-output>
  <suite started-at="2026-03-30T16:26:57 IST" name="Default suite" finished-at="2026-03-30T16:27:01 IST" duration-ms="3988">
    <groups>
    </groups>
    <test started-at="2026-03-30T16:26:57 IST" name="Default test" finished-at="2026-03-30T16:27:01 IST" duration-ms="3988">
      <class name="tests.ApiTest">
        <test-method is-config="true" signature="setup()[pri:0, instance:tests.ApiTest@4c402120]" started-at="2026-03-30T16:26:57 IST" name="setup" finished-at="2026-03-30T16:26:57 IST" duration-ms="611" status="PASS">
          <reporter-output>
          </reporter-output>
        </test-method> <!-- setup -->
        <test-method signature="createUser()[pri:0, instance:tests.ApiTest@4c402120]" started-at="2026-03-30T16:26:57 IST" name="createUser" finished-at="2026-03-30T16:26:59 IST" duration-ms="2201" status="PASS">
          <reporter-output>
          </reporter-output>
        </test-method> <!-- createUser -->
        <test-method signature="getUsers()[pri:0, instance:tests.ApiTest@4c402120]" started-at="2026-03-30T16:26:59 IST" name="getUsers" finished-at="2026-03-30T16:27:00 IST" duration-ms="191" status="PASS">
          <reporter-output>
          </reporter-output>
        </test-method> <!-- getUsers -->
        <test-method signature="validateUserName()[pri:0, instance:tests.ApiTest@4c402120]" started-at="2026-03-30T16:27:00 IST" name="validateUserName" finished-at="2026-03-30T16:27:01 IST" duration-ms="923" status="PASS">
          <reporter-output>
          </reporter-output>
        </test-method> <!-- validateUserName -->
      </class> <!-- tests.ApiTest -->
    </test> <!-- Default test -->
  </suite> <!-- Default suite -->
</testng-results>
