<?xml version="1.0" encoding="UTF-8"?>
<!-- Generated by org.testng.reporters.JUnitReportReporter -->
<testsuite hostname="Shabarish" failures="0" tests="3" name="tests.ApiTest" time="3.315" errors="0" timestamp="2026-03-30T16:27:01 IST" skipped="0">
  <testcase classname="tests.ApiTest" name="getUsers" time="0.191"/>
  <testcase classname="tests.ApiTest" name="validateUserName" time="0.923"/>
  <testcase classname="tests.ApiTest" name="createUser" time="2.201"/>
</testsuite> <!-- tests.ApiTest -->
