<?xml version="1.0" encoding="UTF-8"?>
<!-- Generated by org.testng.reporters.JUnitReportReporter -->
<testsuite hostname="Shabarish" failures="0" tests="3" name="tests.ApiTest" time="3.527" errors="0" timestamp="2026-03-30T13:57:36 IST" skipped="0">
  <testcase classname="tests.ApiTest" name="getUsers" time="0.178"/>
  <testcase classname="tests.ApiTest" name="validateUserName" time="0.870"/>
  <testcase classname="tests.ApiTest" name="createUser" time="2.479"/>
</testsuite> <!-- tests.ApiTest -->
